<?xml version="1.0" encoding="UTF-8"?>
<!-- Generated by org.testng.reporters.JUnitReportReporter -->
<testsuite skipped="0" hostname="LAPTOP-U5EUFPC3" name="com.testcases.ExcelreadfromspecificrowandColumn" tests="1" failures="0" timestamp="03 May 2020 04:58:25 GMT" time="0.514" errors="0">
  <testcase name="specificrowdata" time="0.514" classname="com.testcases.ExcelreadfromspecificrowandColumn"/>
</testsuite> <!-- com.testcases.ExcelreadfromspecificrowandColumn -->
