<?xml version="1.0" encoding="UTF-8"?>
<!-- Generated by org.testng.reporters.JUnitReportReporter -->
<testsuite skipped="0" hostname="LAPTOP-U5EUFPC3" name="com.testcases.walmarttest" tests="1" failures="0" timestamp="27 Apr 2020 22:25:59 GMT" time="1.841" errors="0">
  <testcase name="walmartfront" time="1.841" classname="com.testcases.walmarttest"/>
</testsuite> <!-- com.testcases.walmarttest -->
