<?xml version="1.0" encoding="UTF-8"?>
<!-- Generated by org.testng.reporters.JUnitReportReporter -->
<testsuite skipped="0" hostname="LAPTOP-U5EUFPC3" name="com.testcases.Logintestcase" tests="1" failures="0" timestamp="15 May 2020 16:22:38 GMT" time="0.436" errors="0">
  <testcase name="login" time="0.436" classname="com.testcases.Logintestcase"/>
</testsuite> <!-- com.testcases.Logintestcase -->
