<?xml version="1.0" encoding="UTF-8"?>
<!-- Generated by org.testng.reporters.JUnitReportReporter -->
<testsuite skipped="0" hostname="LAPTOP-U5EUFPC3" name="com.testcases.Registertestcase" tests="1" failures="0" timestamp="15 May 2020 16:22:38 GMT" time="1.355" errors="0">
  <testcase name="signup" time="1.355" classname="com.testcases.Registertestcase"/>
</testsuite> <!-- com.testcases.Registertestcase -->
