<?xml version="1.0" encoding="UTF-8"?>
<!-- Generated by org.testng.reporters.JUnitReportReporter -->
<testsuite skipped="0" hostname="LAPTOP-U5EUFPC3" name="com.testcases.Excelread" tests="1" failures="0" timestamp="03 May 2020 04:11:25 GMT" time="0.547" errors="0">
  <testcase name="readdata" time="0.547" classname="com.testcases.Excelread"/>
</testsuite> <!-- com.testcases.Excelread -->
