<?xml version="1.0" encoding="UTF-8"?>
<!-- Generated by org.testng.reporters.JUnitReportReporter -->
<testsuite skipped="0" hostname="LAPTOP-U5EUFPC3" name="com.testcases.orangetest" tests="1" failures="0" timestamp="28 Apr 2020 18:40:56 GMT" time="1.516" errors="0">
  <testcase name="loginpage" time="1.516" classname="com.testcases.orangetest"/>
</testsuite> <!-- com.testcases.orangetest -->
